<?xml version="1.0" encoding="UTF-8"?>
<!-- Generated by org.testng.reporters.JUnitXMLReporter -->
<testsuite ignored="0" hostname="Ashwins-MacBook-Air.local" failures="1" tests="4" name="Test3" time="40.584" errors="0" timestamp="17 Jul 2024 11:28:31 GMT">
  <testcase classname="org.rahulshettyacademy.com.IOSBasics" name="IOSBasicTest" time="5.719"/>
  <testcase classname="org.rahulshettyacademy.com.IOSBasics" name="IOSLongPress" time="6.687"/>
  <testcase classname="org.rahulshettyacademy.com.IOSBasics" name="IOSScroll" time="2.137">
    <failure type="java.lang.AssertionError" message="expected:&amp;lt;100&amp;gt; but was:&amp;lt;1001&amp;gt;">
      <![CDATA[java.lang.AssertionError: expected:<100> but was:<1001>
at org.rahulshettyacademy.com.IOSBasics.IOSScroll(IOSBasics.java:39)
... Removed 25 stack frames]]>
    </failure>
  </testcase> <!-- IOSScroll -->
  <testcase classname="org.rahulshettyacademy.com.IOSBasics" name="IOSScrollDown" time="11.303"/>
</testsuite> <!-- Test3 -->
