<?xml version="1.0" encoding="UTF-8"?>
<!-- Generated by org.testng.reporters.JUnitXMLReporter -->
<testsuite ignored="0" hostname="Ashwins-MacBook-Air.local" failures="0" tests="4" name="Test3" time="41.317" errors="0" timestamp="17 Jul 2024 13:32:23 GMT">
  <testcase classname="org.rahulshettyacademy.com.IOSBasics" name="IOSBasicTest" time="6.05"/>
  <testcase classname="org.rahulshettyacademy.com.IOSBasics" name="IOSLongPress" time="6.674"/>
  <testcase classname="org.rahulshettyacademy.com.IOSBasics" name="IOSScroll" time="2.151"/>
  <testcase classname="org.rahulshettyacademy.com.IOSBasics" name="IOSScrollDown" time="11.34"/>
</testsuite> <!-- Test3 -->
