<?xml version="1.0" encoding="UTF-8"?>
<testng-results ignored="0" total="2" passed="2" failed="0" skipped="0">
  <reporter-output>
  </reporter-output>
  <suite started-at="2024-07-17T11:33:06Z" name="Default suite" finished-at="2024-07-17T11:33:25Z" duration-ms="18998">
    <groups>
      <group name="Smoke">
        <method signature="eCommerce_tc_1.alogin()[pri:0, instance:org.rahulshettyacademy.com.eCommerce_tc_1@73cd37c0]" name="alogin" class="org.rahulshettyacademy.com.eCommerce_tc_1"/>
      </group> <!-- Smoke -->
    </groups>
    <test started-at="2024-07-17T11:33:06Z" name="Default test" finished-at="2024-07-17T11:33:25Z" duration-ms="18998">
      <class name="org.rahulshettyacademy.com.eCommerce_tc_1">
        <test-method is-config="true" signature="ConfigureAppium()[pri:0, instance:org.rahulshettyacademy.com.eCommerce_tc_1@73cd37c0]" started-at="2024-07-17T11:33:06Z" name="ConfigureAppium" finished-at="2024-07-17T11:33:10Z" duration-ms="3882" status="PASS">
          <reporter-output>
          </reporter-output>
        </test-method> <!-- ConfigureAppium -->
        <test-method is-config="true" signature="beforeMethod()[pri:0, instance:org.rahulshettyacademy.com.eCommerce_tc_1@73cd37c0]" started-at="2024-07-17T11:33:10Z" name="beforeMethod" finished-at="2024-07-17T11:33:10Z" duration-ms="1" status="PASS">
          <reporter-output>
          </reporter-output>
        </test-method> <!-- beforeMethod -->
        <test-method signature="alogin()[pri:0, instance:org.rahulshettyacademy.com.eCommerce_tc_1@73cd37c0]" started-at="2024-07-17T11:33:10Z" name="alogin" finished-at="2024-07-17T11:33:19Z" duration-ms="9539" status="PASS">
          <reporter-output>
          </reporter-output>
        </test-method> <!-- alogin -->
        <test-method is-config="true" signature="post_Set()[pri:0, instance:org.rahulshettyacademy.com.eCommerce_tc_1@73cd37c0]" started-at="2024-07-17T11:33:19Z" name="post_Set" finished-at="2024-07-17T11:33:21Z" duration-ms="1310" status="PASS">
          <reporter-output>
          </reporter-output>
        </test-method> <!-- post_Set -->
        <test-method is-config="true" signature="beforeMethod()[pri:0, instance:org.rahulshettyacademy.com.eCommerce_tc_1@73cd37c0]" started-at="2024-07-17T11:33:21Z" name="beforeMethod" finished-at="2024-07-17T11:33:21Z" duration-ms="0" status="PASS">
          <reporter-output>
          </reporter-output>
        </test-method> <!-- beforeMethod -->
        <test-method signature="bloginError()[pri:0, instance:org.rahulshettyacademy.com.eCommerce_tc_1@73cd37c0]" started-at="2024-07-17T11:33:21Z" name="bloginError" finished-at="2024-07-17T11:33:25Z" duration-ms="3957" status="PASS">
          <reporter-output>
          </reporter-output>
        </test-method> <!-- bloginError -->
        <test-method is-config="true" signature="post_Set()[pri:0, instance:org.rahulshettyacademy.com.eCommerce_tc_1@73cd37c0]" started-at="2024-07-17T11:33:25Z" name="post_Set" finished-at="2024-07-17T11:33:25Z" duration-ms="100" status="PASS">
          <reporter-output>
          </reporter-output>
        </test-method> <!-- post_Set -->
        <test-method is-config="true" signature="tearDown()[pri:0, instance:org.rahulshettyacademy.com.eCommerce_tc_1@73cd37c0]" started-at="2024-07-17T11:33:25Z" name="tearDown" finished-at="2024-07-17T11:33:25Z" duration-ms="196" status="PASS">
          <reporter-output>
          </reporter-output>
        </test-method> <!-- tearDown -->
      </class> <!-- org.rahulshettyacademy.com.eCommerce_tc_1 -->
    </test> <!-- Default test -->
  </suite> <!-- Default suite -->
</testng-results>
